 element            1
           1   2.2721204989711854        10.215526373897321       0.46431904927366047       -3.7739882617932145E-003   4.5399477129143710E-002   5.7487120913416474E-003
           2   1.4323626535633518        7.4494655361070432      -0.34522484621067057       -3.8213195051110035E-003   3.3427412966490211E-002  -4.2742124208502152E-003
           3  -1.0113210633046275        6.7172021488404710       -1.3725163357705517       -1.4411818038247898E-002   3.3431421332798791E-002  -1.6993059551079874E-002
           4 -0.13223145525240909        9.5212445905365470      -0.54168179745341183       -1.4231452123406920E-002   4.5528162041374241E-002  -6.7065366013979583E-003
 element            2
           1  0.92467574467057179        5.3534400481417466      -0.92749227401461110       -3.2445539694758605E-003   2.4171606255798006E-002  -1.1483237783576799E-002
           2  -9.8939874342849343E-003   2.2692823115888809       -1.6411665344746940       -3.2889462283947736E-003   1.0820240513986248E-002  -2.0319204898869826E-002
           3  -2.1238043034002159        1.5907175507605296       -2.7711583297064717       -1.2385807559958124E-002   1.0608851748087213E-002  -3.4309579634792330E-002
           4  -1.1520886899701774        4.7116994304841286       -2.0357129070861308       -1.2217136072777383E-002   2.4082505005757853E-002  -2.5204064795043418E-002
 element            3
           1   7.0942746163325854E-002   10.458449259519513       -2.2102745228183416       -1.4602819792223613E-002   4.9700792546784819E-002  -2.7365303866784471E-002
           2  0.92209804070399937        13.169830855851496       -1.3829422034618661       -1.4423101776419367E-002   6.1396197298323955E-002  -1.7122141723679825E-002
           3   3.3682416490331701        13.904467715102690      -0.38484576338575088       -3.8242801488181403E-003   6.1399977048762718E-002  -4.7647571141828104E-003
           4   2.5562465819409601        11.230821304093926       -1.1911222736368496       -3.8714283008049553E-003   4.9828320471613355E-002  -1.4747228285020841E-002
 element            4
           1   1.2436242771844652        18.531023257839536       -1.0541601151777764       -2.0550871052735276E-002   8.6466361713614479E-002  -1.3051506307596925E-002
           2 -0.30541177750990300        13.695335235953120       -2.2455004644905903       -2.1019107197890272E-002   6.5652184632604207E-002  -2.7801434577202085E-002
           3   7.1793684879674000        20.174505495224636        2.0098961770821946        5.3667457090531574E-003   8.5812832682141307E-002   2.4884429087301735E-002
           4   5.8022750401991479        15.500822066080813       0.91748214785436255        5.4858487409081202E-003   6.5524473737393146E-002   1.1359302887122960E-002
